<?xml version="1.0" encoding="UTF-8"?>
<testng-results ignored="0" total="1" passed="1" failed="0" skipped="0">
  <reporter-output>
  </reporter-output>
  <suite started-at="2024-05-31T17:58:32 IST" name="Default suite" finished-at="2024-05-31T17:58:37 IST" duration-ms="4941">
    <groups>
      <group name="cucumber">
        <method signature="AbstractTestNGCucumberTests.runScenario(io.cucumber.testng.PickleWrapper,io.cucumber.testng.FeatureWrapper)[pri:0, instance:runnerClass.CucumberWebSampleTest@3b7b05a8]" name="runScenario" class="io.cucumber.testng.AbstractTestNGCucumberTests"/>
      </group> <!-- cucumber -->
    </groups>
    <test started-at="2024-05-31T17:58:32 IST" name="Default test" finished-at="2024-05-31T17:58:37 IST" duration-ms="4941">
      <class name="runnerClass.CucumberWebSampleTest">
        <test-method is-config="true" signature="setUpClass()[pri:0, instance:runnerClass.CucumberWebSampleTest@3b7b05a8]" started-at="2024-05-31T17:58:32 IST" name="setUpClass" finished-at="2024-05-31T17:58:33 IST" duration-ms="712" status="PASS">
          <reporter-output>
          </reporter-output>
        </test-method> <!-- setUpClass -->
        <test-method signature="runScenario(io.cucumber.testng.PickleWrapper,io.cucumber.testng.FeatureWrapper)[pri:0, instance:runnerClass.CucumberWebSampleTest@3b7b05a8]" started-at="2024-05-31T17:58:33 IST" name="runScenario" description="Runs Cucumber Scenarios" data-provider="scenarios" finished-at="2024-05-31T17:58:37 IST" duration-ms="3878" status="PASS">
          <params>
            <param index="0">
              <value>
                <![CDATA["I want to verify that the user is created in MySQL"]]>
              </value>
            </param>
            <param index="1">
              <value>
                <![CDATA["Optional[DB Test]"]]>
              </value>
            </param>
          </params>
          <reporter-output>
          </reporter-output>
        </test-method> <!-- runScenario -->
        <test-method is-config="true" signature="tearDownClass()[pri:0, instance:runnerClass.CucumberWebSampleTest@3b7b05a8]" started-at="2024-05-31T17:58:37 IST" name="tearDownClass" finished-at="2024-05-31T17:58:37 IST" duration-ms="309" status="PASS">
          <reporter-output>
          </reporter-output>
        </test-method> <!-- tearDownClass -->
      </class> <!-- runnerClass.CucumberWebSampleTest -->
    </test> <!-- Default test -->
  </suite> <!-- Default suite -->
</testng-results>
